[debug] [2025-06-16T09:09:39.673Z] ----------------------------------------------------------------------
[debug] [2025-06-16T09:09:39.675Z] Command:       C:\Program Files\nodejs\node.exe C:\Users\admin\AppData\Roaming\npm\node_modules\firebase-tools\lib\bin\firebase.js init functions
[debug] [2025-06-16T09:09:39.676Z] CLI Version:   14.1.0
[debug] [2025-06-16T09:09:39.676Z] Platform:      win32
[debug] [2025-06-16T09:09:39.676Z] Node Version:  v22.14.0
[debug] [2025-06-16T09:09:39.676Z] Time:          Mon Jun 16 2025 16:09:39 GMT+0700 (Indochina Time)
[debug] [2025-06-16T09:09:39.676Z] ----------------------------------------------------------------------
[debug] 
[debug] [2025-06-16T09:09:39.683Z] > command requires scopes: ["email","openid","https://www.googleapis.com/auth/cloudplatformprojects.readonly","https://www.googleapis.com/auth/firebase","https://www.googleapis.com/auth/cloud-platform"]
[debug] [2025-06-16T09:09:39.684Z] > authorizing via signed-in user (althofif3@gmail.com)
[info] 
     ######## #### ########  ######## ########     ###     ######  ########
     ##        ##  ##     ## ##       ##     ##  ##   ##  ##       ##
     ######    ##  ########  ######   ########  #########  ######  ######
     ##        ##  ##    ##  ##       ##     ## ##     ##       ## ##
     ##       #### ##     ## ######## ########  ##     ##  ######  ########

You're about to initialize a Firebase project in this directory:

  C:\Kuliah\Tubesaas\Tubess\TUBESss\TUBES

Before we get started, keep in mind:

  * You are currently outside your home directory

[info] 
=== Project Setup
[info] 
[info] First, let's associate this project directory with a Firebase project.
[info] You can create multiple project aliases by running firebase use --add, 
[info] but for now we'll just set up a default project.
[info] 
[debug] [2025-06-16T09:09:52.111Z] Checked if tokens are valid: false, expires at: 1749716333342
[debug] [2025-06-16T09:09:52.111Z] Checked if tokens are valid: false, expires at: 1749716333342
[debug] [2025-06-16T09:09:52.111Z] > refreshing access token with scopes: []
[debug] [2025-06-16T09:09:52.113Z] >>> [apiv2][query] POST https://www.googleapis.com/oauth2/v3/token [none]
[debug] [2025-06-16T09:09:52.113Z] >>> [apiv2][body] POST https://www.googleapis.com/oauth2/v3/token [omitted]
[debug] [2025-06-16T09:09:57.180Z] *** [apiv2] error from fetch(https://www.googleapis.com/oauth2/v3/token, {"headers":{},"method":"POST","body":{"_overheadLength":545,"_valueLength":212,"_valuesToMeasure":[],"writable":false,"readable":true,"dataSize":0,"maxDataSize":2097152,"pauseStreams":true,"_released":true,"_streams":[],"_currentStream":null,"_insideLoop":false,"_pendingNext":false,"_boundary":"--------------------------490484881435977221192908","_events":{},"_eventsCount":1}}): FetchError: request to https://www.googleapis.com/oauth2/v3/token failed, reason: getaddrinfo ENOTFOUND www.googleapis.com
[error] Authentication Error: Your credentials are no longer valid. Please run firebase login --reauth

For CI servers and headless environments, generate a new token with firebase login:ci
[debug] [2025-06-16T09:09:57.181Z] Authentication Error: Your credentials are no longer valid. Please run firebase login --reauth

For CI servers and headless environments, generate a new token with firebase login:ci
[debug] [2025-06-16T09:09:57.182Z] FirebaseError: Authentication Error: Your credentials are no longer valid. Please run firebase login --reauth

For CI servers and headless environments, generate a new token with firebase login:ci
    at invalidCredentialError (C:\Users\admin\AppData\Roaming\npm\node_modules\firebase-tools\lib\auth.js:147:12)
    at refreshTokens (C:\Users\admin\AppData\Roaming\npm\node_modules\firebase-tools\lib\auth.js:539:15)
    at process.processTicksAndRejections (node:internal/process/task_queues:105:5)
    at async getAccessToken (C:\Users\admin\AppData\Roaming\npm\node_modules\firebase-tools\lib\apiv2.js:42:18)
    at async Client.addAuthHeader (C:\Users\admin\AppData\Roaming\npm\node_modules\firebase-tools\lib\apiv2.js:169:21)
    at async Client.request (C:\Users\admin\AppData\Roaming\npm\node_modules\firebase-tools\lib\apiv2.js:120:34)
    at async getProjectPage (C:\Users\admin\AppData\Roaming\npm\node_modules\firebase-tools\lib\management\projects.js:265:17)
    at async getFirebaseProjectPage (C:\Users\admin\AppData\Roaming\npm\node_modules\firebase-tools\lib\management\projects.js:282:23)
    at async selectProjectInteractively (C:\Users\admin\AppData\Roaming\npm\node_modules\firebase-tools\lib\management\projects.js:122:41)
    at async doSetup (C:\Users\admin\AppData\Roaming\npm\node_modules\firebase-tools\lib\init\features\project.js:89:27)
[error] 
[error] Error: Failed to list Firebase projects. See firebase-debug.log for more info.
